[debug] [2023-09-26T20:16:14.813Z] ----------------------------------------------------------------------
[debug] [2023-09-26T20:16:14.815Z] Command:       C:\Program Files\nodejs\node.exe C:\Users\Sami\AppData\Roaming\npm\node_modules\firebase-tools\lib\bin\firebase.js init
[debug] [2023-09-26T20:16:14.815Z] CLI Version:   12.5.4
[debug] [2023-09-26T20:16:14.815Z] Platform:      win32
[debug] [2023-09-26T20:16:14.815Z] Node Version:  v18.17.1
[debug] [2023-09-26T20:16:14.816Z] Time:          Tue Sep 26 2023 16:16:14 GMT-0400 (heure avancée de l’Est)
[debug] [2023-09-26T20:16:14.816Z] ----------------------------------------------------------------------
[debug] 
[debug] [2023-09-26T20:16:14.871Z] > command requires scopes: ["email","openid","https://www.googleapis.com/auth/cloudplatformprojects.readonly","https://www.googleapis.com/auth/firebase","https://www.googleapis.com/auth/cloud-platform"]
[debug] [2023-09-26T20:16:14.872Z] > authorizing via signed-in user (begsami2903@gmail.com)
[info] 
     ######## #### ########  ######## ########     ###     ######  ########
     ##        ##  ##     ## ##       ##     ##  ##   ##  ##       ##
     ######    ##  ########  ######   ########  #########  ######  ######
     ##        ##  ##    ##  ##       ##     ## ##     ##       ## ##
     ##       #### ##     ## ######## ########  ##     ##  ######  ########

You're about to initialize a Firebase project in this directory:

  C:\Users\Sami\Desktop\CODING PROJECTS\planb-js\planb

Before we get started, keep in mind:

  * You are initializing within an existing Firebase project directory

[info] 
=== Project Setup
[info] 
[info] First, let's associate this project directory with a Firebase project.
[info] You can create multiple project aliases by running firebase use --add, 
[info] but for now we'll just set up a default project.
[info] 
[debug] [2023-09-26T20:16:39.017Z] Using project from CLI flag: plan-b-123
[debug] [2023-09-26T20:16:39.019Z] >>> [apiv2][query] GET https://firebase.googleapis.com/v1beta1/projects/plan-b-123 [none]
[debug] [2023-09-26T20:16:39.449Z] <<< [apiv2][status] GET https://firebase.googleapis.com/v1beta1/projects/plan-b-123 403
[debug] [2023-09-26T20:16:39.450Z] <<< [apiv2][body] GET https://firebase.googleapis.com/v1beta1/projects/plan-b-123 {"error":{"code":403,"message":"The caller does not have permission","status":"PERMISSION_DENIED"}}
[debug] [2023-09-26T20:16:39.451Z] HTTP Error: 403, The caller does not have permission
[debug] [2023-09-26T20:16:39.453Z] FirebaseError: HTTP Error: 403, The caller does not have permission
    at responseToError (C:\Users\Sami\AppData\Roaming\npm\node_modules\firebase-tools\lib\responseToError.js:49:12)
    at RetryOperation._fn (C:\Users\Sami\AppData\Roaming\npm\node_modules\firebase-tools\lib\apiv2.js:285:77)
    at process.processTicksAndRejections (node:internal/process/task_queues:95:5)
[error] 
[error] Error: Failed to get Firebase project plan-b-123. Please make sure the project exists and your account has permission to access it.
[debug] [2023-09-26T20:18:01.107Z] ----------------------------------------------------------------------
[debug] [2023-09-26T20:18:01.108Z] Command:       C:\Program Files\nodejs\node.exe C:\Users\Sami\AppData\Roaming\npm\node_modules\firebase-tools\lib\bin\firebase.js init
[debug] [2023-09-26T20:18:01.108Z] CLI Version:   12.5.4
[debug] [2023-09-26T20:18:01.109Z] Platform:      win32
[debug] [2023-09-26T20:18:01.109Z] Node Version:  v18.17.1
[debug] [2023-09-26T20:18:01.110Z] Time:          Tue Sep 26 2023 16:18:01 GMT-0400 (heure avancée de l’Est)
[debug] [2023-09-26T20:18:01.110Z] ----------------------------------------------------------------------
[debug] 
[debug] [2023-09-26T20:18:01.159Z] > command requires scopes: ["email","openid","https://www.googleapis.com/auth/cloudplatformprojects.readonly","https://www.googleapis.com/auth/firebase","https://www.googleapis.com/auth/cloud-platform"]
[debug] [2023-09-26T20:18:01.160Z] > authorizing via signed-in user (begsami2903@gmail.com)
[info] 
     ######## #### ########  ######## ########     ###     ######  ########
     ##        ##  ##     ## ##       ##     ##  ##   ##  ##       ##
     ######    ##  ########  ######   ########  #########  ######  ######
     ##        ##  ##    ##  ##       ##     ## ##     ##       ## ##
     ##       #### ##     ## ######## ########  ##     ##  ######  ########

You're about to initialize a Firebase project in this directory:

  C:\Users\Sami\Desktop\CODING PROJECTS\planb-js\planb

Before we get started, keep in mind:

  * You are initializing within an existing Firebase project directory

[info] 
=== Project Setup
[info] 
[info] First, let's associate this project directory with a Firebase project.
[info] You can create multiple project aliases by running firebase use --add, 
[info] but for now we'll just set up a default project.
[info] 
[debug] [2023-09-26T20:18:11.635Z] Using project from CLI flag: plan-b-123
[debug] [2023-09-26T20:18:11.637Z] >>> [apiv2][query] GET https://firebase.googleapis.com/v1beta1/projects/plan-b-123 [none]
[debug] [2023-09-26T20:18:12.046Z] <<< [apiv2][status] GET https://firebase.googleapis.com/v1beta1/projects/plan-b-123 403
[debug] [2023-09-26T20:18:12.046Z] <<< [apiv2][body] GET https://firebase.googleapis.com/v1beta1/projects/plan-b-123 {"error":{"code":403,"message":"The caller does not have permission","status":"PERMISSION_DENIED"}}
[debug] [2023-09-26T20:18:12.047Z] HTTP Error: 403, The caller does not have permission
[debug] [2023-09-26T20:18:12.047Z] FirebaseError: HTTP Error: 403, The caller does not have permission
    at responseToError (C:\Users\Sami\AppData\Roaming\npm\node_modules\firebase-tools\lib\responseToError.js:49:12)
    at RetryOperation._fn (C:\Users\Sami\AppData\Roaming\npm\node_modules\firebase-tools\lib\apiv2.js:285:77)
    at process.processTicksAndRejections (node:internal/process/task_queues:95:5)
[error] 
[error] Error: Failed to get Firebase project plan-b-123. Please make sure the project exists and your account has permission to access it.
